<?xml version="1.0" encoding="UTF-8"?>
<testng-results skipped="0" failed="1" ignored="0" total="4" passed="3">
  <reporter-output>
  </reporter-output>
  <suite name="Default suite" duration-ms="3967" started-at="2020-03-06T07:09:13Z" finished-at="2020-03-06T07:09:17Z">
    <groups>
    </groups>
    <test name="Default test" duration-ms="3967" started-at="2020-03-06T07:09:13Z" finished-at="2020-03-06T07:09:17Z">
      <class name="com.QA.Tests.GetOfferAPITest">
        <test-method status="PASS" signature="beforeSuite()[pri:0, instance:com.QA.Tests.GetOfferAPITest@1593948d]" name="beforeSuite" is-config="true" duration-ms="126" started-at="2020-03-06T07:09:13Z" finished-at="2020-03-06T07:09:13Z">
          <reporter-output>
          </reporter-output>
        </test-method> <!-- beforeSuite -->
        <test-method status="PASS" signature="beforeClass()[pri:0, instance:com.QA.Tests.GetOfferAPITest@1593948d]" name="beforeClass" is-config="true" duration-ms="4" started-at="2020-03-06T07:09:13Z" finished-at="2020-03-06T07:09:13Z">
          <reporter-output>
          </reporter-output>
        </test-method> <!-- beforeClass -->
        <test-method status="PASS" signature="beforeMethod(java.lang.reflect.Method)[pri:0, instance:com.QA.Tests.GetOfferAPITest@1593948d]" name="beforeMethod" is-config="true" duration-ms="6" started-at="2020-03-06T07:09:13Z" finished-at="2020-03-06T07:09:13Z">
          <params>
            <param index="0">
              <value>
                <![CDATA[public void com.QA.Tests.GetOfferAPITest.getOfferAPIforSWTest() throws org.apache.http.client.ClientProtocolException,java.io.IOException]]>
              </value>
            </param>
          </params>
          <reporter-output>
          </reporter-output>
        </test-method> <!-- beforeMethod -->
        <test-method status="PASS" signature="setUp()[pri:0, instance:com.QA.Tests.GetOfferAPITest@1593948d]" name="setUp" is-config="true" duration-ms="1" started-at="2020-03-06T07:09:13Z" finished-at="2020-03-06T07:09:13Z">
          <reporter-output>
          </reporter-output>
        </test-method> <!-- setUp -->
        <test-method status="FAIL" signature="getOfferAPIforSWTest()[pri:1, instance:com.QA.Tests.GetOfferAPITest@1593948d]" name="getOfferAPIforSWTest" duration-ms="1349" started-at="2020-03-06T07:09:13Z" finished-at="2020-03-06T07:09:14Z">
          <exception class="java.lang.AssertionError">
            <message>
              <![CDATA[StatusCode is not 200 expected [200] but found [400]]]>
            </message>
            <full-stacktrace>
              <![CDATA[java.lang.AssertionError: StatusCode is not 200 expected [200] but found [400]
at org.testng.Assert.fail(Assert.java:96)
at org.testng.Assert.failNotEquals(Assert.java:776)
at org.testng.Assert.assertEqualsImpl(Assert.java:137)
at org.testng.Assert.assertEquals(Assert.java:118)
at org.testng.Assert.assertEquals(Assert.java:652)
at com.QA.Tests.GetOfferAPITest.getOfferAPIforSWTest(GetOfferAPITest.java:63)
at sun.reflect.NativeMethodAccessorImpl.invoke0(Native Method)
at sun.reflect.NativeMethodAccessorImpl.invoke(NativeMethodAccessorImpl.java:62)
at sun.reflect.DelegatingMethodAccessorImpl.invoke(DelegatingMethodAccessorImpl.java:43)
at java.lang.reflect.Method.invoke(Method.java:498)
at org.testng.internal.MethodInvocationHelper.invokeMethod(MethodInvocationHelper.java:124)
at org.testng.internal.Invoker.invokeMethod(Invoker.java:583)
at org.testng.internal.Invoker.invokeTestMethod(Invoker.java:719)
at org.testng.internal.Invoker.invokeTestMethods(Invoker.java:989)
at org.testng.internal.TestMethodWorker.invokeTestMethods(TestMethodWorker.java:125)
at org.testng.internal.TestMethodWorker.run(TestMethodWorker.java:109)
at org.testng.TestRunner.privateRun(TestRunner.java:648)
at org.testng.TestRunner.run(TestRunner.java:505)
at org.testng.SuiteRunner.runTest(SuiteRunner.java:455)
at org.testng.SuiteRunner.runSequentially(SuiteRunner.java:450)
at org.testng.SuiteRunner.privateRun(SuiteRunner.java:415)
at org.testng.SuiteRunner.run(SuiteRunner.java:364)
at org.testng.SuiteRunnerWorker.runSuite(SuiteRunnerWorker.java:52)
at org.testng.SuiteRunnerWorker.run(SuiteRunnerWorker.java:84)
at org.testng.TestNG.runSuitesSequentially(TestNG.java:1208)
at org.testng.TestNG.runSuitesLocally(TestNG.java:1137)
at org.testng.TestNG.runSuites(TestNG.java:1049)
at org.testng.TestNG.run(TestNG.java:1017)
at org.testng.remote.AbstractRemoteTestNG.run(AbstractRemoteTestNG.java:132)
at org.testng.remote.RemoteTestNG.initAndRun(RemoteTestNG.java:236)
at org.testng.remote.RemoteTestNG.main(RemoteTestNG.java:81)
]]>
            </full-stacktrace>
          </exception> <!-- java.lang.AssertionError -->
          <reporter-output>
          </reporter-output>
        </test-method> <!-- getOfferAPIforSWTest -->
        <test-method status="PASS" signature="afterMethod(org.testng.ITestResult)[pri:0, instance:com.QA.Tests.GetOfferAPITest@1593948d]" name="afterMethod" is-config="true" duration-ms="258" started-at="2020-03-06T07:09:14Z" finished-at="2020-03-06T07:09:15Z">
          <params>
            <param index="0">
              <value>
                <![CDATA[[TestResult name=getOfferAPIforSWTest status=FAILURE method=GetOfferAPITest.getOfferAPIforSWTest()[pri:1, instance:com.QA.Tests.GetOfferAPITest@1593948d] output={null}]]]>
              </value>
            </param>
          </params>
          <reporter-output>
          </reporter-output>
        </test-method> <!-- afterMethod -->
        <test-method status="PASS" signature="setUp()[pri:0, instance:com.QA.Tests.GetOfferAPITest@1593948d]" name="setUp" is-config="true" duration-ms="0" started-at="2020-03-06T07:09:15Z" finished-at="2020-03-06T07:09:15Z">
          <reporter-output>
          </reporter-output>
        </test-method> <!-- setUp -->
        <test-method status="PASS" signature="beforeMethod(java.lang.reflect.Method)[pri:0, instance:com.QA.Tests.GetOfferAPITest@1593948d]" name="beforeMethod" is-config="true" duration-ms="0" started-at="2020-03-06T07:09:15Z" finished-at="2020-03-06T07:09:15Z">
          <params>
            <param index="0">
              <value>
                <![CDATA[public void com.QA.Tests.GetOfferAPITest.getOfferAPIforGR_TopsTest() throws org.apache.http.client.ClientProtocolException,java.io.IOException]]>
              </value>
            </param>
          </params>
          <reporter-output>
          </reporter-output>
        </test-method> <!-- beforeMethod -->
        <test-method status="PASS" signature="getOfferAPIforGR_TopsTest()[pri:2, instance:com.QA.Tests.GetOfferAPITest@1593948d]" name="getOfferAPIforGR_TopsTest" duration-ms="758" started-at="2020-03-06T07:09:15Z" finished-at="2020-03-06T07:09:15Z">
          <reporter-output>
          </reporter-output>
        </test-method> <!-- getOfferAPIforGR_TopsTest -->
        <test-method status="PASS" signature="afterMethod(org.testng.ITestResult)[pri:0, instance:com.QA.Tests.GetOfferAPITest@1593948d]" name="afterMethod" is-config="true" duration-ms="28" started-at="2020-03-06T07:09:15Z" finished-at="2020-03-06T07:09:15Z">
          <params>
            <param index="0">
              <value>
                <![CDATA[[TestResult name=getOfferAPIforGR_TopsTest status=SUCCESS method=GetOfferAPITest.getOfferAPIforGR_TopsTest()[pri:2, instance:com.QA.Tests.GetOfferAPITest@1593948d] output={null}]]]>
              </value>
            </param>
          </params>
          <reporter-output>
          </reporter-output>
        </test-method> <!-- afterMethod -->
        <test-method status="PASS" signature="beforeMethod(java.lang.reflect.Method)[pri:0, instance:com.QA.Tests.GetOfferAPITest@1593948d]" name="beforeMethod" is-config="true" duration-ms="0" started-at="2020-03-06T07:09:15Z" finished-at="2020-03-06T07:09:15Z">
          <params>
            <param index="0">
              <value>
                <![CDATA[public void com.QA.Tests.GetOfferAPITest.getOfferAPIforKrogerTest() throws org.apache.http.client.ClientProtocolException,java.io.IOException]]>
              </value>
            </param>
          </params>
          <reporter-output>
          </reporter-output>
        </test-method> <!-- beforeMethod -->
        <test-method status="PASS" signature="setUp()[pri:0, instance:com.QA.Tests.GetOfferAPITest@1593948d]" name="setUp" is-config="true" duration-ms="1" started-at="2020-03-06T07:09:15Z" finished-at="2020-03-06T07:09:15Z">
          <reporter-output>
          </reporter-output>
        </test-method> <!-- setUp -->
        <test-method status="PASS" signature="getOfferAPIforKrogerTest()[pri:3, instance:com.QA.Tests.GetOfferAPITest@1593948d]" name="getOfferAPIforKrogerTest" duration-ms="790" started-at="2020-03-06T07:09:15Z" finished-at="2020-03-06T07:09:16Z">
          <reporter-output>
          </reporter-output>
        </test-method> <!-- getOfferAPIforKrogerTest -->
        <test-method status="PASS" signature="afterMethod(org.testng.ITestResult)[pri:0, instance:com.QA.Tests.GetOfferAPITest@1593948d]" name="afterMethod" is-config="true" duration-ms="45" started-at="2020-03-06T07:09:16Z" finished-at="2020-03-06T07:09:16Z">
          <params>
            <param index="0">
              <value>
                <![CDATA[[TestResult name=getOfferAPIforKrogerTest status=SUCCESS method=GetOfferAPITest.getOfferAPIforKrogerTest()[pri:3, instance:com.QA.Tests.GetOfferAPITest@1593948d] output={null}]]]>
              </value>
            </param>
          </params>
          <reporter-output>
          </reporter-output>
        </test-method> <!-- afterMethod -->
        <test-method status="PASS" signature="setUp()[pri:0, instance:com.QA.Tests.GetOfferAPITest@1593948d]" name="setUp" is-config="true" duration-ms="0" started-at="2020-03-06T07:09:16Z" finished-at="2020-03-06T07:09:16Z">
          <reporter-output>
          </reporter-output>
        </test-method> <!-- setUp -->
        <test-method status="PASS" signature="getOfferAPIforSamsTest()[pri:4, instance:com.QA.Tests.GetOfferAPITest@1593948d]" name="getOfferAPIforSamsTest" duration-ms="655" started-at="2020-03-06T07:09:16Z" finished-at="2020-03-06T07:09:17Z">
          <reporter-output>
          </reporter-output>
        </test-method> <!-- getOfferAPIforSamsTest -->
        <test-method status="PASS" signature="beforeMethod(java.lang.reflect.Method)[pri:0, instance:com.QA.Tests.GetOfferAPITest@1593948d]" name="beforeMethod" is-config="true" duration-ms="0" started-at="2020-03-06T07:09:16Z" finished-at="2020-03-06T07:09:16Z">
          <params>
            <param index="0">
              <value>
                <![CDATA[public void com.QA.Tests.GetOfferAPITest.getOfferAPIforSamsTest() throws org.apache.http.client.ClientProtocolException,java.io.IOException]]>
              </value>
            </param>
          </params>
          <reporter-output>
          </reporter-output>
        </test-method> <!-- beforeMethod -->
        <test-method status="PASS" signature="afterMethod(org.testng.ITestResult)[pri:0, instance:com.QA.Tests.GetOfferAPITest@1593948d]" name="afterMethod" is-config="true" duration-ms="47" started-at="2020-03-06T07:09:17Z" finished-at="2020-03-06T07:09:17Z">
          <params>
            <param index="0">
              <value>
                <![CDATA[[TestResult name=getOfferAPIforSamsTest status=SUCCESS method=GetOfferAPITest.getOfferAPIforSamsTest()[pri:4, instance:com.QA.Tests.GetOfferAPITest@1593948d] output={null}]]]>
              </value>
            </param>
          </params>
          <reporter-output>
          </reporter-output>
        </test-method> <!-- afterMethod -->
      </class> <!-- com.QA.Tests.GetOfferAPITest -->
    </test> <!-- Default test -->
  </suite> <!-- Default suite -->
</testng-results>
