<?xml version="1.0" encoding="UTF-8"?>
<!-- Generated by org.testng.reporters.JUnitXMLReporter -->
<testsuite hostname="LAPTOP-HU829229" name="Default test" tests="1" failures="0" timestamp="9 Mar 2020 11:15:36 GMT" time="5.218" errors="0">
  <testcase name="@AfterMethod afterMethod" time="0.0" classname="com.QA.Tests.GetOfferAPITest">
    <failure type="java.lang.NoClassDefFoundError" message="org/bson/types/ObjectId">
      <![CDATA[java.lang.NoClassDefFoundError: org/bson/types/ObjectId
	at java.lang.Class.getDeclaredMethods0(Native Method)
	at java.lang.Class.privateGetDeclaredMethods(Class.java:2701)
	at java.lang.Class.privateGetPublicMethods(Class.java:2902)
	at java.lang.Class.getMethods(Class.java:1615)
	at freemarker.ext.beans.ClassIntrospector.discoverAccessibleMethods(ClassIntrospector.java:464)
	at freemarker.ext.beans.ClassIntrospector.discoverAccessibleMethods(ClassIntrospector.java:457)
	at freemarker.ext.beans.ClassIntrospector.createClassIntrospectionData(ClassIntrospector.java:268)
	at freemarker.ext.beans.ClassIntrospector.get(ClassIntrospector.java:244)
	at freemarker.ext.beans.BeanModel.<init>(BeanModel.java:114)
	at freemarker.ext.beans.BeanModel.<init>(BeanModel.java:104)
	at freemarker.ext.beans.StringModel.<init>(StringModel.java:52)
	at freemarker.ext.beans.StringModel$1.create(StringModel.java:37)
	at freemarker.ext.beans.BeansModelCache.create(BeansModelCache.java:71)
	at freemarker.ext.util.ModelCache.getInstance(ModelCache.java:84)
	at freemarker.ext.beans.BeansWrapper.wrap(BeansWrapper.java:860)
	at freemarker.template.DefaultObjectWrapper.handleUnknownType(DefaultObjectWrapper.java:235)
	at freemarker.template.DefaultObjectWrapper.wrap(DefaultObjectWrapper.java:214)
	at freemarker.template.WrappingTemplateModel.wrap(WrappingTemplateModel.java:105)
	at freemarker.template.DefaultListAdapter.get(DefaultListAdapter.java:75)
	at freemarker.core.DynamicKeyName.dealWithNumericalKey(DynamicKeyName.java:104)
	at freemarker.core.DynamicKeyName._eval(DynamicKeyName.java:69)
	at freemarker.core.Expression.eval(Expression.java:78)
	at freemarker.core.Assignment.accept(Assignment.java:131)
	at freemarker.core.Environment.visit(Environment.java:324)
	at freemarker.core.MixedContent.accept(MixedContent.java:54)
	at freemarker.core.Environment.visitByHiddingParent(Environment.java:345)
	at freemarker.core.ConditionalBlock.accept(ConditionalBlock.java:48)
	at freemarker.core.Environment.visit(Environment.java:324)
	at freemarker.core.MixedContent.accept(MixedContent.java:54)
	at freemarker.core.Environment.visit(Environment.java:324)
	at freemarker.core.Environment.process(Environment.java:302)
	at freemarker.template.Template.process(Template.java:325)
	at com.aventstack.extentreports.reporter.ExtentHtmlReporter.flush(ExtentHtmlReporter.java:121)
	at java.util.ArrayList.forEach(ArrayList.java:1257)
	at com.aventstack.extentreports.Report.notifyReporters(Report.java:165)
	at com.aventstack.extentreports.Report.flush(Report.java:122)
	at com.aventstack.extentreports.ExtentReports.flush(ExtentReports.java:257)
	at com.QA.Base.TestBase.afterMethod(TestBase.java:70)
	at sun.reflect.NativeMethodAccessorImpl.invoke0(Native Method)
	at sun.reflect.NativeMethodAccessorImpl.invoke(NativeMethodAccessorImpl.java:62)
	at sun.reflect.DelegatingMethodAccessorImpl.invoke(DelegatingMethodAccessorImpl.java:43)
	at java.lang.reflect.Method.invoke(Method.java:498)
	at org.testng.internal.MethodInvocationHelper.invokeMethod(MethodInvocationHelper.java:84)
	at org.testng.internal.Invoker.invokeConfigurationMethod(Invoker.java:564)
	at org.testng.internal.Invoker.invokeConfigurations(Invoker.java:213)
	at org.testng.internal.Invoker.invokeMethod(Invoker.java:786)
	at org.testng.internal.Invoker.invokeTestMethod(Invoker.java:901)
	at org.testng.internal.Invoker.invokeTestMethods(Invoker.java:1231)
	at org.testng.internal.TestMethodWorker.invokeTestMethods(TestMethodWorker.java:127)
	at org.testng.internal.TestMethodWorker.run(TestMethodWorker.java:111)
	at org.testng.TestRunner.privateRun(TestRunner.java:767)
	at org.testng.TestRunner.run(TestRunner.java:617)
	at org.testng.SuiteRunner.runTest(SuiteRunner.java:334)
	at org.testng.SuiteRunner.runSequentially(SuiteRunner.java:329)
	at org.testng.SuiteRunner.privateRun(SuiteRunner.java:291)
	at org.testng.SuiteRunner.run(SuiteRunner.java:240)
	at org.testng.SuiteRunnerWorker.runSuite(SuiteRunnerWorker.java:52)
	at org.testng.SuiteRunnerWorker.run(SuiteRunnerWorker.java:86)
	at org.testng.TestNG.runSuitesSequentially(TestNG.java:1224)
	at org.testng.TestNG.runSuitesLocally(TestNG.java:1149)
	at org.testng.TestNG.run(TestNG.java:1057)
	at org.testng.remote.AbstractRemoteTestNG.run(AbstractRemoteTestNG.java:132)
	at org.testng.remote.RemoteTestNG.initAndRun(RemoteTestNG.java:236)
	at org.testng.remote.RemoteTestNG.main(RemoteTestNG.java:81)
Caused by: java.lang.ClassNotFoundException: org.bson.types.ObjectId
	at java.net.URLClassLoader.findClass(URLClassLoader.java:382)
	at java.lang.ClassLoader.loadClass(ClassLoader.java:424)
	at sun.misc.Launcher$AppClassLoader.loadClass(Launcher.java:349)
	at java.lang.ClassLoader.loadClass(ClassLoader.java:357)
	... 64 more
]]>
    </failure>
  </testcase> <!-- @AfterMethod afterMethod -->
  <testcase name="getOfferAPIforSWTest" time="5.093" classname="com.QA.Tests.GetOfferAPITest"/>
</testsuite> <!-- Default test -->
